<?xml version="1.0" encoding="UTF-8"?>
<!-- Generated by org.testng.reporters.JUnitXMLReporter -->
<testsuite ignored="0" hostname="DESKTOP-G2UDSQ1" failures="0" tests="3" name="Default test" time="103.769" errors="0" timestamp="2021-10-28T15:39:33 IST">
  <testcase classname="com.mindtree.runner.AtlanticApplication" name="LoginApp" time="27.718"/>
  <testcase classname="com.mindtree.runner.AtlanticApplication" name="LoginApp" time="26.115"/>
  <testcase classname="com.mindtree.runner.AtlanticApplication" name="searchBook" time="48.33"/>
</testsuite> <!-- Default test -->
