<?xml version="1.0" encoding="UTF-8"?>
<!-- Generated by org.testng.reporters.JUnitXMLReporter -->
<testsuite hostname="DESKTOP-G2UDSQ1" ignored="0" name="Test" tests="3" failures="0" timestamp="22 Oct 2021 04:33:48 GMT" time="124.951" errors="0">
  <testcase name="searchBook" time="53.096" classname="com.mindtree.runner.AtlanticApplication"/>
  <testcase name="LoginApp" time="28.307" classname="com.mindtree.runner.AtlanticApplication"/>
  <testcase name="LoginApp" time="42.732" classname="com.mindtree.runner.AtlanticApplication"/>
</testsuite> <!-- Test -->
