<?xml version="1.0" encoding="UTF-8"?>
<testsuite xmlns:xsi="http://www.w3.org/2001/XMLSchema-instance" xsi:noNamespaceSchemaLocation="https://maven.apache.org/surefire/maven-surefire-plugin/xsd/surefire-test-report.xsd" name="TestSuite" time="128.574" tests="3" errors="0" skipped="0" failures="0">
  <properties>
[...]
</properties>
  <testcase name="searchBook" classname="com.mindtree.runner.AtlanticApplication" time="53.097"/>
  <testcase name="LoginApp" classname="com.mindtree.runner.AtlanticApplication" time="28.307"/>
  <testcase name="LoginApp" classname="com.mindtree.runner.AtlanticApplication" time="42.738"/>
</testsuite>